{
  "RSpec": {
    "coverage": {
      "/home/developer/Desktop/InstaNetwork/app/models/user.rb": [
        1,
        null,
        null,
        1,
        null,
        1,
        1,
        1,
        1,
        1,
        1,
        1,
        1,
        null,
        1,
        0,
        null,
        null,
        1,
        0,
        null,
        null
      ],
      "/home/developer/Desktop/InstaNetwork/app/models/application_record.rb": [
        1,
        1,
        null
      ],
      "/home/developer/Desktop/InstaNetwork/app/helpers/application_helper.rb": [
        1,
        null
      ],
      "/home/developer/Desktop/InstaNetwork/app/helpers/comments_helper.rb": [
        1,
        null
      ],
      "/home/developer/Desktop/InstaNetwork/app/helpers/likes_helper.rb": [
        1,
        null
      ],
      "/home/developer/Desktop/InstaNetwork/app/helpers/messages_helper.rb": [
        1,
        null
      ],
      "/home/developer/Desktop/InstaNetwork/app/helpers/posts_helper.rb": [
        1,
        null
      ],
      "/home/developer/Desktop/InstaNetwork/app/helpers/relationships_helper.rb": [
        1,
        null
      ],
      "/home/developer/Desktop/InstaNetwork/app/helpers/rooms_helper.rb": [
        1,
        null
      ],
      "/home/developer/Desktop/InstaNetwork/app/helpers/user_infos_helper.rb": [
        1,
        null
      ],
      "/home/developer/Desktop/InstaNetwork/app/helpers/user_profiles_helper.rb": [
        1,
        null
      ],
      "/home/developer/Desktop/InstaNetwork/app/helpers/users_helper.rb": [
        1,
        null
      ],
      "/home/developer/Desktop/InstaNetwork/app/controllers/comments_controller.rb": [
        1,
        1,
        1,
        null,
        1,
        0,
        null,
        null,
        1,
        0,
        null,
        null,
        1,
        0,
        null,
        null,
        1,
        0,
        0,
        0,
        0,
        null,
        0,
        null,
        null,
        0,
        null,
        null,
        null,
        1,
        0,
        0,
        0,
        0,
        null,
        0,
        null,
        null,
        null,
        1,
        1,
        0,
        null,
        null,
        1,
        0,
        null,
        null
      ],
      "/home/developer/Desktop/InstaNetwork/app/controllers/application_controller.rb": [
        1,
        null,
        1,
        null,
        null,
        1,
        null,
        null,
        1,
        0,
        null,
        null,
        null,
        null,
        null,
        null
      ],
      "/home/developer/Desktop/InstaNetwork/app/models/comment.rb": [
        1,
        1,
        1,
        1,
        null
      ],
      "/home/developer/Desktop/InstaNetwork/app/models/post.rb": [
        1,
        1,
        1,
        1,
        1,
        1,
        null
      ],
      "/home/developer/Desktop/InstaNetwork/app/channels/application_cable/channel.rb": [
        0,
        0,
        0,
        0
      ],
      "/home/developer/Desktop/InstaNetwork/app/channels/application_cable/connection.rb": [
        0,
        0,
        0,
        0
      ],
      "/home/developer/Desktop/InstaNetwork/app/channels/room_channel.rb": [
        0,
        0,
        0,
        0,
        null,
        0,
        null,
        0,
        0
      ],
      "/home/developer/Desktop/InstaNetwork/app/controllers/likes_controller.rb": [
        0,
        0,
        0,
        0,
        0,
        null,
        0,
        0,
        0,
        0,
        0,
        0,
        0,
        0,
        null,
        0,
        0,
        0,
        0,
        0,
        null,
        0,
        0,
        0,
        0
      ],
      "/home/developer/Desktop/InstaNetwork/app/controllers/messages_controller.rb": [
        0,
        0,
        null,
        0,
        0,
        0,
        null,
        0,
        0,
        null,
        0,
        0,
        0,
        null,
        0,
        0,
        null,
        0,
        0,
        0,
        0,
        0,
        0,
        0,
        null,
        0,
        0,
        0,
        null,
        0,
        0,
        0,
        0,
        0,
        null,
        0,
        0,
        0,
        0,
        null,
        0,
        0,
        0,
        0
      ],
      "/home/developer/Desktop/InstaNetwork/app/controllers/posts_controller.rb": [
        0,
        0,
        0,
        0,
        null,
        0,
        0,
        0,
        null,
        0,
        0,
        0,
        null,
        0,
        0,
        0,
        0,
        0,
        0,
        0,
        0,
        0,
        0,
        0,
        0,
        0,
        null,
        0,
        0,
        0,
        0,
        0,
        0,
        0,
        0,
        0,
        null,
        0,
        0,
        0,
        0,
        0
      ],
      "/home/developer/Desktop/InstaNetwork/app/controllers/relationships_controller.rb": [
        0,
        0,
        0,
        0,
        0,
        0,
        0,
        0,
        0,
        0,
        0,
        0,
        null,
        0,
        0,
        0,
        0,
        0,
        0
      ],
      "/home/developer/Desktop/InstaNetwork/app/controllers/rooms_controller.rb": [
        0,
        0,
        null,
        0,
        0,
        0,
        null,
        0,
        0,
        null,
        0,
        0,
        0,
        null,
        0,
        0,
        null,
        0,
        0,
        0,
        0,
        0,
        0,
        null,
        0,
        0,
        0,
        null,
        0,
        0,
        0,
        0,
        0,
        null,
        0,
        0,
        0,
        0,
        null,
        0,
        0,
        0,
        0
      ],
      "/home/developer/Desktop/InstaNetwork/app/controllers/user_infos_controller.rb": [
        0,
        0,
        null,
        0,
        0,
        0,
        null,
        0,
        0,
        0,
        null,
        0,
        0,
        0,
        0,
        0,
        0,
        0,
        null,
        0,
        0,
        0,
        null,
        null,
        null,
        0,
        0,
        0,
        null,
        0,
        0,
        0,
        0,
        0,
        0,
        0,
        0,
        0,
        null,
        0,
        0,
        0,
        0,
        0,
        0,
        0,
        null,
        0,
        0,
        0,
        0,
        0,
        0,
        0,
        0,
        0,
        null,
        0,
        0,
        0,
        0,
        null,
        0,
        0,
        0,
        0
      ],
      "/home/developer/Desktop/InstaNetwork/app/controllers/user_profiles_controller.rb": [
        0,
        0,
        0,
        0,
        null,
        0,
        0,
        0,
        null,
        0,
        0,
        0,
        0,
        null,
        0,
        null,
        0,
        0,
        0,
        0,
        0,
        0,
        0,
        null,
        0,
        0,
        0,
        null,
        0,
        0,
        0,
        0,
        0,
        0,
        null,
        0,
        0,
        0,
        0,
        0
      ],
      "/home/developer/Desktop/InstaNetwork/app/controllers/users_controller.rb": [
        0,
        0,
        0,
        0,
        null,
        0,
        0,
        0,
        null,
        0,
        0,
        0,
        0,
        0,
        0,
        0,
        0,
        null,
        0,
        0,
        0,
        0,
        0,
        0,
        0,
        0,
        0,
        null,
        0,
        0,
        0,
        0,
        null,
        0,
        0,
        0,
        0,
        null,
        0,
        0,
        0,
        0,
        null,
        0,
        0,
        0,
        0,
        0
      ],
      "/home/developer/Desktop/InstaNetwork/app/jobs/application_job.rb": [
        0,
        null,
        null,
        null,
        null,
        null,
        0
      ],
      "/home/developer/Desktop/InstaNetwork/app/mailers/application_mailer.rb": [
        0,
        0,
        0,
        0
      ],
      "/home/developer/Desktop/InstaNetwork/app/models/like.rb": [
        0,
        0,
        0
      ],
      "/home/developer/Desktop/InstaNetwork/app/models/message.rb": [
        0,
        0,
        0,
        0,
        0
      ],
      "/home/developer/Desktop/InstaNetwork/app/models/relationship.rb": [
        0,
        0,
        0,
        0
      ],
      "/home/developer/Desktop/InstaNetwork/app/models/room.rb": [
        0,
        0,
        0,
        0
      ],
      "/home/developer/Desktop/InstaNetwork/app/models/user_info.rb": [
        0,
        0,
        0,
        0
      ],
      "/home/developer/Desktop/InstaNetwork/app/models/user_profile.rb": [
        0,
        0,
        0,
        null,
        0,
        0,
        0,
        null,
        0,
        0,
        0,
        null,
        0
      ]
    },
    "timestamp": 1725973803
  }
}
